#
# A fatal error has been detected by the Java Runtime Environment:
#
#  Internal Error (javaCalls.cpp:51), pid=11560, tid=0x0000000000001e94
#  guarantee(thread->is_Java_thread()) failed: crucial check - the VM thread cannot and must not escape to Java code
#
# JRE version: Java(TM) SE Runtime Environment (8.0_291-b10) (build 1.8.0_291-b10)
# Java VM: Java HotSpot(TM) 64-Bit Server VM (25.291-b10 mixed mode windows-amd64 compressed oops)
# Failed to write core dump. Minidumps are not enabled by default on client versions of Windows
#
# If you would like to submit a bug report, please visit:
#   http://bugreport.java.com/bugreport/crash.jsp
#

---------------  T H R E A D  ---------------

Current thread (0x000001bdbd686800):  VMThread [stack: 0x0000006955500000,0x0000006955600000] [id=7828]

Stack: [0x0000006955500000,0x0000006955600000]
Native frames: (J=compiled Java code, j=interpreted, Vv=VM code, C=native code)
V  [jvm.dll+0x32ea19]
V  [jvm.dll+0x275462]
V  [jvm.dll+0x27610d]
V  [jvm.dll+0x26cac7]
V  [jvm.dll+0x20accd]
V  [jvm.dll+0x20b317]
V  [jvm.dll+0x32e932]
V  [jvm.dll+0x20b941]
V  [jvm.dll+0x26dd15]
V  [jvm.dll+0x26df5d]
V  [jvm.dll+0x26e0a9]
V  [jvm.dll+0x10ade8]
V  [jvm.dll+0x10a1b9]
V  [jvm.dll+0x10768d]
V  [jvm.dll+0x10907e]
V  [jvm.dll+0x1066ea]
V  [jvm.dll+0x10587a]
V  [jvm.dll+0xcd19b]
V  [jvm.dll+0xcdc33]
V  [jvm.dll+0x112684]
V  [jvm.dll+0x135980]
V  [jvm.dll+0x1b8e51]
V  [jvm.dll+0x245897]
V  [jvm.dll+0x244005]
V  [jvm.dll+0x24477c]
V  [jvm.dll+0x244a8c]
V  [jvm.dll+0x29210c]
C  [ucrtbase.dll+0x21bb2]
C  [KERNEL32.DLL+0x17034]
C  [ntdll.dll+0x52651]

VM_Operation (0x0000006955aff840): GetOrSetLocal, mode: safepoint, requested by thread 0x000001bdbde01000


---------------  P R O C E S S  ---------------

Java Threads: ( => current thread )
  0x000001bdbeea6000 JavaThread "Service Thread" daemon [_thread_blocked, id=10384, stack(0x0000006956000000,0x0000006956100000)]
  0x000001bdbee03000 JavaThread "C1 CompilerThread2" daemon [_thread_blocked, id=8308, stack(0x0000006955f00000,0x0000006956000000)]
  0x000001bdbee00800 JavaThread "C2 CompilerThread1" daemon [_thread_blocked, id=500, stack(0x0000006955e00000,0x0000006955f00000)]
  0x000001bdbdee5000 JavaThread "C2 CompilerThread0" daemon [_thread_blocked, id=2052, stack(0x0000006955d00000,0x0000006955e00000)]
  0x000001bdbde0e800 JavaThread "JDWP Command Reader" daemon [_thread_in_native, id=6224, stack(0x0000006955c00000,0x0000006955d00000)]
  0x000001bdbde03000 JavaThread "JDWP Event Helper Thread" daemon [_thread_blocked, id=6836, stack(0x0000006955b00000,0x0000006955c00000)]
  0x000001bdbde01000 JavaThread "JDWP Transport Listener: dt_socket" daemon [_thread_blocked, id=9972, stack(0x0000006955a00000,0x0000006955b00000)]
  0x000001bdbddde000 JavaThread "Attach Listener" daemon [_thread_blocked, id=2332, stack(0x0000006955900000,0x0000006955a00000)]
  0x000001bdbdddd000 JavaThread "Signal Dispatcher" daemon [_thread_blocked, id=11244, stack(0x0000006955800000,0x0000006955900000)]
  0x000001bdbddbb800 JavaThread "Finalizer" daemon [_thread_blocked, id=11212, stack(0x0000006955700000,0x0000006955800000)]
  0x000001bdbd68e000 JavaThread "Reference Handler" daemon [_thread_blocked, id=7220, stack(0x0000006955600000,0x0000006955700000)]
  0x000001bda2c49000 JavaThread "main" [_thread_blocked, id=7208, stack(0x0000006955000000,0x0000006955100000)]

Other Threads:
=>0x000001bdbd686800 VMThread [stack: 0x0000006955500000,0x0000006955600000] [id=7828]
  0x000001bdbeec1800 WatcherThread [stack: 0x0000006956100000,0x0000006956200000] [id=8404]

VM state:at safepoint (normal execution)

VM Mutex/Monitor currently owned by a thread:  ([mutex/lock_event])
[0x000001bda2c46410] Threads_lock - owner thread: 0x000001bdbd686800

heap address: 0x00000006c0800000, size: 4088 MB, Compressed Oops mode: Zero based, Oop shift amount: 3
Narrow klass base: 0x0000000000000000, Narrow klass shift: 3
Compressed class space size: 1073741824 Address: 0x00000007c0000000

Heap:
 PSYoungGen      total 76288K, used 7864K [0x000000076ad80000, 0x0000000770280000, 0x00000007c0000000)
  eden space 65536K, 12% used [0x000000076ad80000,0x000000076b52e300,0x000000076ed80000)
  from space 10752K, 0% used [0x000000076f800000,0x000000076f800000,0x0000000770280000)
  to   space 10752K, 0% used [0x000000076ed80000,0x000000076ed80000,0x000000076f800000)
 ParOldGen       total 175104K, used 0K [0x00000006c0800000, 0x00000006cb300000, 0x000000076ad80000)
  object space 175104K, 0% used [0x00000006c0800000,0x00000006c0800000,0x00000006cb300000)
 Metaspace       used 4989K, capacity 5058K, committed 5248K, reserved 1056768K
  class space    used 523K, capacity 561K, committed 640K, reserved 1048576K

Card table byte_map: [0x000001bdb3870000,0x000001bdb4070000] byte_map_base: 0x000001bdb026c000

Marking Bits: (ParMarkBitMap*) 0x0000000076be7fe0
 Begin Bits: [0x000001bdb45d0000, 0x000001bdb85b0000)
 End Bits:   [0x000001bdb85b0000, 0x000001bdbc590000)

Polling page: 0x000001bda2b90000

CodeCache: size=245760Kb used=1371Kb max_used=1376Kb free=244388Kb
 bounds [0x000001bda44b0000, 0x000001bda4720000, 0x000001bdb34b0000]
 total_blobs=413 nmethods=126 adapters=208
 compilation: enabled

Compilation events (10 events):
Event: 121.017 Thread 0x000001bdbee03000  122       3       sun.nio.cs.SingleByte$Encoder::encode (32 bytes)
Event: 121.017 Thread 0x000001bdbee03000 nmethod 122 0x000001bda4607d10 code [0x000001bda4607e80, 0x000001bda4608098]
Event: 133.732 Thread 0x000001bdbee03000  123       3       org.eclipse.jdt.launching.internal.org.objectweb.asm.SymbolTable::get (13 bytes)
Event: 133.732 Thread 0x000001bdbee03000 nmethod 123 0x000001bda4607910 code [0x000001bda4607a60, 0x000001bda4607c18]
Event: 133.732 Thread 0x000001bdbee03000  124       3       org.eclipse.jdt.launching.internal.org.objectweb.asm.ByteVector::putShort (52 bytes)
Event: 133.732 Thread 0x000001bdbee03000 nmethod 124 0x000001bda46073d0 code [0x000001bda4607540, 0x000001bda46077b0]
Event: 144.835 Thread 0x000001bdbee03000  125       3       org.eclipse.jdt.launching.internal.org.objectweb.asm.SymbolTable::hash (10 bytes)
Event: 144.835 Thread 0x000001bdbee03000 nmethod 125 0x000001bda4606f90 code [0x000001bda4607100, 0x000001bda4607310]
Event: 144.835 Thread 0x000001bdbee03000  126       3       org.eclipse.jdt.launching.internal.org.objectweb.asm.ByteVector::putByte (39 bytes)
Event: 144.835 Thread 0x000001bdbee03000 nmethod 126 0x000001bda4606a90 code [0x000001bda4606c00, 0x000001bda4606e50]

GC Heap History (0 events):
No events

Deoptimization events (0 events):
No events

Classes redefined (3 events):
Event: 113.682 Thread 0x000001bdbd686800 redefined class name=Homework02.Simplecrypt, count=1
Event: 133.733 Thread 0x000001bdbd686800 redefined class name=Homework02.Simplecrypt, count=2
Event: 144.836 Thread 0x000001bdbd686800 redefined class name=Homework02.Simplecrypt, count=3

Internal exceptions (2 events):
Event: 0.033 Thread 0x000001bda2c49000 Exception <a 'java/lang/NoSuchMethodError': Method sun.misc.Unsafe.defineClass(Ljava/lang/String;[BII)Ljava/lang/Class; name or signature does not match> (0x000000076ad87cc0) thrown at [C:\jenkins\workspace\8-2-build-windows-amd64-cygwin\jdk8u291\1294\hot
Event: 0.033 Thread 0x000001bda2c49000 Exception <a 'java/lang/NoSuchMethodError': Method sun.misc.Unsafe.prefetchRead(Ljava/lang/Object;J)V name or signature does not match> (0x000000076ad87fa8) thrown at [C:\jenkins\workspace\8-2-build-windows-amd64-cygwin\jdk8u291\1294\hotspot\src\share\vm\

Events (10 events):
Event: 149.660 Executing VM operation: GetOwnedMonitorInfo done
Event: 149.660 Executing VM operation: GetOwnedMonitorInfo
Event: 149.660 Executing VM operation: GetOwnedMonitorInfo done
Event: 149.660 Executing VM operation: GetCurrentContendedMonitor
Event: 149.660 Executing VM operation: GetCurrentContendedMonitor done
Event: 149.752 Executing VM operation: GetOwnedMonitorInfo
Event: 149.753 Executing VM operation: GetOwnedMonitorInfo done
Event: 149.753 Executing VM operation: GetCurrentContendedMonitor
Event: 149.753 Executing VM operation: GetCurrentContendedMonitor done
Event: 149.756 Executing VM operation: GetOrSetLocal


Dynamic libraries:
0x00007ff6a3de0000 - 0x00007ff6a3e27000 	C:\Program Files\Java\jdk1.8.0_291\bin\javaw.exe
0x00007ffb571d0000 - 0x00007ffb573c5000 	C:\Windows\SYSTEM32\ntdll.dll
0x00007ffb55870000 - 0x00007ffb5592d000 	C:\Windows\System32\KERNEL32.DLL
0x00007ffb549e0000 - 0x00007ffb54ca8000 	C:\Windows\System32\KERNELBASE.dll
0x00007ffb56f30000 - 0x00007ffb56fdc000 	C:\Windows\System32\ADVAPI32.dll
0x00007ffb55370000 - 0x00007ffb5540e000 	C:\Windows\System32\msvcrt.dll
0x00007ffb557d0000 - 0x00007ffb5586b000 	C:\Windows\System32\sechost.dll
0x00007ffb56150000 - 0x00007ffb5627b000 	C:\Windows\System32\RPCRT4.dll
0x00007ffb55ac0000 - 0x00007ffb55c60000 	C:\Windows\System32\USER32.dll
0x00007ffb54eb0000 - 0x00007ffb54ed2000 	C:\Windows\System32\win32u.dll
0x00007ffb55c90000 - 0x00007ffb55cba000 	C:\Windows\System32\GDI32.dll
0x00007ffb550c0000 - 0x00007ffb551cb000 	C:\Windows\System32\gdi32full.dll
0x00007ffb54940000 - 0x00007ffb549dd000 	C:\Windows\System32\msvcp_win.dll
0x00007ffb54cb0000 - 0x00007ffb54db0000 	C:\Windows\System32\ucrtbase.dll
0x00007ffb49010000 - 0x00007ffb492aa000 	C:\Windows\WinSxS\amd64_microsoft.windows.common-controls_6595b64144ccf1df_6.0.19041.844_none_ca00b6081b84eb1d\COMCTL32.dll
0x00007ffb55c60000 - 0x00007ffb55c90000 	C:\Windows\System32\IMM32.DLL
0x00007ffb3fca0000 - 0x00007ffb3fcb5000 	C:\Program Files\Java\jdk1.8.0_291\jre\bin\vcruntime140.dll
0x00007ffb3fc00000 - 0x00007ffb3fc9b000 	C:\Program Files\Java\jdk1.8.0_291\jre\bin\msvcp140.dll
0x0000000076400000 - 0x0000000076c60000 	C:\Program Files\Java\jdk1.8.0_291\jre\bin\server\jvm.dll
0x00007ffb56360000 - 0x00007ffb56368000 	C:\Windows\System32\PSAPI.DLL
0x00007ffb4e5e0000 - 0x00007ffb4e5ea000 	C:\Windows\SYSTEM32\VERSION.dll
0x00007ffb51d20000 - 0x00007ffb51d29000 	C:\Windows\SYSTEM32\WSOCK32.dll
0x00007ffb55d80000 - 0x00007ffb55deb000 	C:\Windows\System32\WS2_32.dll
0x00007ffb4dcc0000 - 0x00007ffb4dce7000 	C:\Windows\SYSTEM32\WINMM.dll
0x00007ffb53230000 - 0x00007ffb53242000 	C:\Windows\SYSTEM32\kernel.appcore.dll
0x00007ffb4fc60000 - 0x00007ffb4fc70000 	C:\Program Files\Java\jdk1.8.0_291\jre\bin\verify.dll
0x00007ffb3fbd0000 - 0x00007ffb3fbfb000 	C:\Program Files\Java\jdk1.8.0_291\jre\bin\java.dll
0x00007ffb3fb90000 - 0x00007ffb3fbc6000 	C:\Program Files\Java\jdk1.8.0_291\jre\bin\jdwp.dll
0x00007ffb46070000 - 0x00007ffb46079000 	C:\Program Files\Java\jdk1.8.0_291\jre\bin\npt.dll
0x00007ffb3fb60000 - 0x00007ffb3fb90000 	C:\Program Files\Java\jdk1.8.0_291\jre\bin\instrument.dll
0x00007ffb30bb0000 - 0x00007ffb30bc8000 	C:\Program Files\Java\jdk1.8.0_291\jre\bin\zip.dll
0x00007ffb567e0000 - 0x00007ffb56f22000 	C:\Windows\System32\SHELL32.dll
0x00007ffb52a30000 - 0x00007ffb531c0000 	C:\Windows\SYSTEM32\windows.storage.dll
0x00007ffb55df0000 - 0x00007ffb56145000 	C:\Windows\System32\combase.dll
0x00007ffb54380000 - 0x00007ffb543ac000 	C:\Windows\SYSTEM32\Wldp.dll
0x00007ffb554c0000 - 0x00007ffb5556e000 	C:\Windows\System32\SHCORE.dll
0x00007ffb55d20000 - 0x00007ffb55d75000 	C:\Windows\System32\shlwapi.dll
0x00007ffb54850000 - 0x00007ffb5486f000 	C:\Windows\SYSTEM32\profapi.dll
0x00007ffb40fa0000 - 0x00007ffb40faa000 	C:\Program Files\Java\jdk1.8.0_291\jre\bin\dt_socket.dll
0x00007ffb3c4d0000 - 0x00007ffb3c4e7000 	C:\Windows\system32\napinsp.dll
0x00007ffb39b40000 - 0x00007ffb39b5b000 	C:\Windows\system32\pnrpnsp.dll
0x00007ffb39b20000 - 0x00007ffb39b35000 	C:\Windows\system32\wshbth.dll
0x00007ffb4ffa0000 - 0x00007ffb4ffbd000 	C:\Windows\system32\NLAapi.dll
0x00007ffb53d90000 - 0x00007ffb53dcb000 	C:\Windows\SYSTEM32\IPHLPAPI.DLL
0x00007ffb540f0000 - 0x00007ffb5415a000 	C:\Windows\System32\mswsock.dll
0x00007ffb53dd0000 - 0x00007ffb53e9c000 	C:\Windows\SYSTEM32\DNSAPI.dll
0x00007ffb55570000 - 0x00007ffb55578000 	C:\Windows\System32\NSI.dll
0x00007ffb39bc0000 - 0x00007ffb39bd2000 	C:\Windows\System32\winrnr.dll
0x0000000063560000 - 0x0000000063569000 	C:\Program Files\National Instruments\Shared\mDNS Responder\nimdnsNSP.dll
0x0000000063550000 - 0x000000006355e000 	C:\Windows\SYSTEM32\nimdnsResponder.dll
0x0000000050e20000 - 0x0000000050ec3000 	C:\Windows\WinSxS\amd64_microsoft.vc90.crt_1fc8b3b9a1e18e3b_9.0.30729.9625_none_08e1c10da83fbc83\MSVCR90.dll
0x00007ffb468d0000 - 0x00007ffb4694f000 	C:\Windows\System32\fwpuclnt.dll
0x00007ffb54910000 - 0x00007ffb54937000 	C:\Windows\System32\bcrypt.dll
0x00007ffb4dca0000 - 0x00007ffb4dcaa000 	C:\Windows\System32\rasadhlp.dll
0x00007ffb526f0000 - 0x00007ffb528d4000 	C:\Windows\SYSTEM32\dbghelp.dll
0x00007ffb54ee0000 - 0x00007ffb54f60000 	C:\Windows\System32\bcryptPrimitives.dll

VM Arguments:
jvm_args: -agentlib:jdwp=transport=dt_socket,suspend=y,address=localhost:59171 -javaagent:C:\Users\asaad\.eclipse\org.eclipse.platform_4.14.0_248562372_win32_win32_x86_64\configuration\org.eclipse.osgi\228\0\.cp\lib\javaagent-shaded.jar -Dfile.encoding=Cp1252 
java_command: Homework02.Simplecrypt
java_class_path (initial): C:\Users\asaad\git\EE367-HW\Homework\bin;C:\Users\asaad\.eclipse\org.eclipse.platform_4.14.0_248562372_win32_win32_x86_64\configuration\org.eclipse.osgi\228\0\.cp\lib\javaagent-shaded.jar
Launcher Type: SUN_STANDARD

Environment Variables:
PATH=C:\Program Files\Java\jdk1.8.0_291\jre\bin;C:/Program Files/Java/jre1.8.0_291/bin/server;C:/Program Files/Java/jre1.8.0_291/bin;C:/Program Files/Java/jre1.8.0_291/lib/amd64;C:\Program Files\Common Files\Oracle\Java\javapath;C:\Program Files (x86)\Common Files\Oracle\Java\javapath;C:\Program Files (x86)\Razer Chroma SDK\bin;C:\Program Files\Razer Chroma SDK\bin;C:\Windows\system32;C:\Windows;C:\Windows\System32\Wbem;C:\Windows\System32\WindowsPowerShell\v1.0\;C:\Windows\System32\OpenSSH\;C:\Users\asaad\AppData\Local\Microsoft\WindowsApps;C:\Program Files (x86)\NVIDIA Corporation\PhysX\Common;C:\Program Files\NVIDIA Corporation\NVIDIA NvDLISR;C:\Program Files\dotnet\;C:\Program Files\MATLAB\R2019b\bin;C:\Program Files\Java\jdk-15;C:\Program Files\Java\jdk-15.0.1\bin;C:\Program Files\Polyspace\R2019a\runtime\win64;C:\Program Files\Polyspace\R2019a\bin;C:\Program Files\Polyspace\R2019a\polyspace\bin;C:\Users\asaad\AppData\Local\Programs\Python\Python38-32\Scripts\;C:\Users\asaad\AppData\Local\Programs\Python\Python38-32\;C:\Python\Python38\Scripts\;C:\Python\Python38\;C:\Users\asaad\AppData\Local\Microsoft\WindowsApps;;C:\Program Files\JetBrains\PyCharm Community Edition 2020.2.2\bin;;C:\Program Files\JetBrains\IntelliJ IDEA Community Edition 2020.2.3\bin;;C:\intelFPGA_lite\20.1\modelsim_ase\win32aloem;C:\Program Files (x86)\eclipse;
USERNAME=asaad
OS=Windows_NT
PROCESSOR_IDENTIFIER=Intel64 Family 6 Model 158 Stepping 9, GenuineIntel



---------------  S Y S T E M  ---------------

OS: Windows 10.0 , 64 bit Build 19041 (10.0.19041.928)

CPU:total 4 (initial active 4) (4 cores per cpu, 1 threads per core) family 6 model 158 stepping 9, cmov, cx8, fxsr, mmx, sse, sse2, sse3, ssse3, sse4.1, sse4.2, popcnt, avx, avx2, aes, clmul, erms, 3dnowpref, lzcnt, tsc, tscinvbit, bmi1, bmi2, adx

Memory: 4k page, physical 16738444k(10302832k free), swap 19359884k(7761524k free)

vm_info: Java HotSpot(TM) 64-Bit Server VM (25.291-b10) for windows-amd64 JRE (1.8.0_291-b10), built on Apr  9 2021 00:02:00 by "java_re" with MS VC++ 15.9 (VS2017)

time: Tue Jun  8 00:42:05 2021
timezone: Arab Standard Time
elapsed time: 149.792326 seconds (0d 0h 2m 29s)

